<?xml version="1.0" encoding="UTF-8"?>
<testng-results ignored="0" total="4" passed="4" failed="0" skipped="0">
  <reporter-output>
  </reporter-output>
  <suite started-at="2019-06-26T09:23:39Z" name="CalcTest" finished-at="2019-06-26T09:23:39Z" duration-ms="32">
    <groups>
    </groups>
    <test started-at="2019-06-26T09:23:39Z" name="Command line test" finished-at="2019-06-26T09:23:39Z" duration-ms="32">
      <class name="CalcTest">
        <test-method signature="testDiv()[pri:0, instance:CalcTest@25d250c6]" started-at="2019-06-26T12:23:39Z" name="testDiv" finished-at="2019-06-26T12:23:39Z" duration-ms="16" status="PASS">
          <reporter-output>
          </reporter-output>
        </test-method> <!-- testDiv -->
        <test-method signature="testMult()[pri:0, instance:CalcTest@25d250c6]" started-at="2019-06-26T12:23:39Z" name="testMult" finished-at="2019-06-26T12:23:39Z" duration-ms="0" status="PASS">
          <reporter-output>
          </reporter-output>
        </test-method> <!-- testMult -->
        <test-method signature="testMinus()[pri:0, instance:CalcTest@25d250c6]" started-at="2019-06-26T12:23:39Z" name="testMinus" finished-at="2019-06-26T12:23:39Z" duration-ms="0" status="PASS">
          <reporter-output>
          </reporter-output>
        </test-method> <!-- testMinus -->
        <test-method signature="testSum()[pri:0, instance:CalcTest@25d250c6]" started-at="2019-06-26T12:23:39Z" name="testSum" finished-at="2019-06-26T12:23:39Z" duration-ms="0" status="PASS">
          <reporter-output>
          </reporter-output>
        </test-method> <!-- testSum -->
      </class> <!-- CalcTest -->
    </test> <!-- Command line test -->
  </suite> <!-- CalcTest -->
</testng-results>
